[06-Jun-2025 08:41:02 Europe/Berlin] PHP Fatal error:  Uncaught PDOException: There is no active transaction in C:\xampp\htdocs\MuraKasiLahat\MuraLahat\process_transaction.php:85
Stack trace:
#0 C:\xampp\htdocs\MuraKasiLahat\MuraLahat\process_transaction.php(85): PDO->rollBack()
#1 {main}
  thrown in C:\xampp\htdocs\MuraKasiLahat\MuraLahat\process_transaction.php on line 85
[06-Jun-2025 11:40:08 Europe/Berlin] Transaction Error: Invalid JSON input: Syntax error in C:\xampp\htdocs\MuraKasiLahat\MuraLahat\classes\functions.php on line 47
[06-Jun-2025 13:53:08 Europe/Berlin] Delete Member Success: Membership_Status set to 0 for Customer ID 5
[06-Jun-2025 16:53:41 Europe/Berlin] Delete Product Success: Product ID 6 deleted
[06-Jun-2025 17:21:00 Europe/Berlin] Delete Product Success: Product ID 1 deleted
[06-Jun-2025 17:21:03 Europe/Berlin] Delete Product Success: Product ID 2 deleted
[06-Jun-2025 17:21:16 Europe/Berlin] Delete Product Success: Product ID 3 deleted
[06-Jun-2025 17:21:25 Europe/Berlin] Delete Product Success: Product ID 4 deleted
[06-Jun-2025 17:45:16 Europe/Berlin] Delete Member Success: Membership_Status set to 0 for Customer ID 4
[06-Jun-2025 17:46:25 Europe/Berlin] Delete Member Success: Membership_Status set to 0 for Customer ID 5
[11-Jun-2025 14:03:41 Europe/Berlin] Delete Product Success: Product ID 1 deleted
[11-Jun-2025 14:03:45 Europe/Berlin] Delete Product Success: Product ID 3 deleted
[11-Jun-2025 14:03:48 Europe/Berlin] Delete Product Success: Product ID 4 deleted
Received: customerId=1, cashPaid=4000Received: customerId=1, cashPaid=5000Received: customerId=1, cashPaid=5000Received: customerId=1, cashPaid=12345Received: customerId=1, cashPaid=2000[11-Jun-2025 17:04:42 Europe/Berlin] PHP Warning:  foreach() argument must be of type array|object, string given in C:\xampp\htdocs\MuraKasiLahat\MuraLahat\classes\database.php on line 82
[11-Jun-2025 17:06:04 Europe/Berlin] PHP Warning:  foreach() argument must be of type array|object, string given in C:\xampp\htdocs\MuraKasiLahat\MuraLahat\classes\database.php on line 82
[11-Jun-2025 17:06:28 Europe/Berlin] Delete Product Error: SQLSTATE[23000]: Integrity constraint violation: 1451 Cannot delete or update a parent row: a foreign key constraint fails (`help_muralahat`.`cart`, CONSTRAINT `cart_ibfk_2` FOREIGN KEY (`Product_ID`) REFERENCES `product` (`Product_ID`)) in C:\xampp\htdocs\MuraKasiLahat\MuraLahat\classes\database.php on line 111
[11-Jun-2025 17:41:45 Europe/Berlin] PHP Warning:  foreach() argument must be of type array|object, string given in C:\xampp\htdocs\MuraKasiLahat\MuraLahat\classes\database.php on line 82
[11-Jun-2025 17:41:55 Europe/Berlin] PHP Warning:  foreach() argument must be of type array|object, string given in C:\xampp\htdocs\MuraKasiLahat\MuraLahat\classes\database.php on line 82
[12-Jun-2025 14:46:03 Europe/Berlin] Delete Member Success: Membership_Status set to 0 for Customer ID 4
[14-Jun-2025 09:12:45 Europe/Berlin] Delete Member Success: Membership_Status set to 0 for Customer ID 1
[14-Jun-2025 12:07:42 Europe/Berlin] PHP Warning:  Undefined variable $street in D:\XAMPP\htdocs\MuraLahat\classes\database.php on line 207
[14-Jun-2025 12:07:42 Europe/Berlin] PHP Warning:  Undefined variable $barangay in D:\XAMPP\htdocs\MuraLahat\classes\database.php on line 207
[14-Jun-2025 12:07:42 Europe/Berlin] PHP Warning:  Undefined variable $city in D:\XAMPP\htdocs\MuraLahat\classes\database.php on line 207
[14-Jun-2025 12:07:42 Europe/Berlin] Membership Error: There is no active transaction in D:\XAMPP\htdocs\MuraLahat\classes\database.php on line 215
[14-Jun-2025 12:08:50 Europe/Berlin] PHP Warning:  Undefined variable $street in D:\XAMPP\htdocs\MuraLahat\classes\database.php on line 207
[14-Jun-2025 12:08:50 Europe/Berlin] PHP Warning:  Undefined variable $barangay in D:\XAMPP\htdocs\MuraLahat\classes\database.php on line 207
[14-Jun-2025 12:08:50 Europe/Berlin] PHP Warning:  Undefined variable $city in D:\XAMPP\htdocs\MuraLahat\classes\database.php on line 207
[14-Jun-2025 12:08:50 Europe/Berlin] Membership Error: There is no active transaction in D:\XAMPP\htdocs\MuraLahat\classes\database.php on line 215
[14-Jun-2025 12:11:23 Europe/Berlin] Membership Error: There is no active transaction in D:\XAMPP\htdocs\MuraLahat\classes\database.php on line 215
[14-Jun-2025 12:42:35 Europe/Berlin] Add Membership Error: SQLSTATE[23000]: Integrity constraint violation: 1452 Cannot add or update a child row: a foreign key constraint fails (`testml2`.`customer`, CONSTRAINT `customer_ibfk_1` FOREIGN KEY (`CA_ID`) REFERENCES `customer_address` (`CA_ID`) ON UPDATE CASCADE) in D:\XAMPP\htdocs\MuraLahat\classes\database.php on line 188
[14-Jun-2025 12:46:10 Europe/Berlin] Add Membership Error: SQLSTATE[23000]: Integrity constraint violation: 1452 Cannot add or update a child row: a foreign key constraint fails (`testml2`.`customer`, CONSTRAINT `customer_ibfk_1` FOREIGN KEY (`CA_ID`) REFERENCES `customer_address` (`CA_ID`) ON UPDATE CASCADE) in D:\XAMPP\htdocs\MuraLahat\classes\database.php on line 188
[14-Jun-2025 13:21:41 Europe/Berlin] Delete Member Success: Membership_Status set to 0 for Customer ID 3
[14-Jun-2025 18:13:16 Europe/Berlin] Delete Member Success: Membership_Status set to 0 for Customer ID 1
Received: customerId=1, cashPaid=1800Received: customerId=1, cashPaid=900Received: customerId=0, cashPaid=1444Received: customerId=0, cashPaid=2044Received: customerId=0, cashPaid=2044[15-Jun-2025 10:33:44 Europe/Berlin] Delete Member Success: Membership_Status set to 0 for Customer ID 2
Received: customerId=, cashPaid=4500[15-Jun-2025 15:53:54 Europe/Berlin] Get Product Error: Product not found in C:\xampp\htdocs\collab\get_product.php on line 30
[15-Jun-2025 15:54:04 Europe/Berlin] Get Product Error: Product not found in C:\xampp\htdocs\collab\get_product.php on line 30
[15-Jun-2025 15:57:24 Europe/Berlin] Get Product Error: Product not found in C:\xampp\htdocs\collab\get_product.php on line 30
[15-Jun-2025 15:58:19 Europe/Berlin] Get Product Error: Product not found in C:\xampp\htdocs\collab\get_product.php on line 30
[15-Jun-2025 15:58:22 Europe/Berlin] Get Product Error: Product not found in C:\xampp\htdocs\collab\get_product.php on line 30
[15-Jun-2025 16:01:45 Europe/Berlin] Get Product Request: Product ID = 1
[15-Jun-2025 16:01:45 Europe/Berlin] Get Product Details Success: Product ID 1 retrieved
[15-Jun-2025 16:01:45 Europe/Berlin] Get Product Success: Product ID 1 retrieved
[15-Jun-2025 16:02:20 Europe/Berlin] Update Product Request: Product ID = 1, Name = Kwek Kwek, Stock Mode = set, Stock = 20, Price = 30, Categories = 3
[15-Jun-2025 16:02:20 Europe/Berlin] Update Product Success: Product ID 1 updated
[15-Jun-2025 16:02:20 Europe/Berlin] Update Product Result: {"success":true}
[15-Jun-2025 16:02:27 Europe/Berlin] Get Product Request: Product ID = 1
[15-Jun-2025 16:02:27 Europe/Berlin] Get Product Details Success: Product ID 1 retrieved
[15-Jun-2025 16:02:27 Europe/Berlin] Get Product Success: Product ID 1 retrieved
[15-Jun-2025 16:14:13 Europe/Berlin] Get Product Request: Product ID = 1
[15-Jun-2025 16:14:13 Europe/Berlin] Get Product Details Success: Product ID 1 retrieved
[15-Jun-2025 16:14:13 Europe/Berlin] Get Product Success: Product ID 1 retrieved
[15-Jun-2025 16:14:31 Europe/Berlin] Update Product Request: Product ID = , Name = , Stock Mode = , Stock = , Price = , Categories = , Image = None
[15-Jun-2025 16:14:31 Europe/Berlin] Update Product Error: Missing or invalid input fields in C:\xampp\htdocs\collab\process_update_product.php on line 53
[15-Jun-2025 16:14:33 Europe/Berlin] Get Product Request: Product ID = 1
[15-Jun-2025 16:14:33 Europe/Berlin] Get Product Details Success: Product ID 1 retrieved
[15-Jun-2025 16:14:33 Europe/Berlin] Get Product Success: Product ID 1 retrieved
[15-Jun-2025 16:14:35 Europe/Berlin] Update Product Request: Product ID = , Name = , Stock Mode = , Stock = , Price = , Categories = , Image = None
[15-Jun-2025 16:14:35 Europe/Berlin] Update Product Error: Missing or invalid input fields in C:\xampp\htdocs\collab\process_update_product.php on line 53
[15-Jun-2025 16:14:37 Europe/Berlin] Get Product Request: Product ID = 5
[15-Jun-2025 16:14:37 Europe/Berlin] Get Product Details Success: Product ID 5 retrieved
[15-Jun-2025 16:14:37 Europe/Berlin] Get Product Success: Product ID 5 retrieved
[15-Jun-2025 16:14:40 Europe/Berlin] Update Product Request: Product ID = , Name = , Stock Mode = , Stock = , Price = , Categories = , Image = None
[15-Jun-2025 16:14:40 Europe/Berlin] Update Product Error: Missing or invalid input fields in C:\xampp\htdocs\collab\process_update_product.php on line 53
[15-Jun-2025 16:19:48 Europe/Berlin] Update Product Request: {"productId":"1","prodName":"Kwek Kwek","stockMode":"set","prodStock":20,"prodPrice":30,"effectiveFrom":"2025-06-14","effectiveTo":null,"categoryIds":[3],"hasFile":true}
[15-Jun-2025 16:19:48 Europe/Berlin] Update Product Success: Product ID 1 updated
[15-Jun-2025 16:19:48 Europe/Berlin] Update Product Result: {"success":true}
[15-Jun-2025 16:21:44 Europe/Berlin] Update Product Request: {"productId":"4","prodName":"vape v2 chocolate","stockMode":"set","prodStock":32,"prodPrice":544,"effectiveFrom":"2025-06-14","effectiveTo":null,"categoryIds":[1,2],"hasFile":true}
[15-Jun-2025 16:21:44 Europe/Berlin] Update Product Success: Product ID 4 updated
[15-Jun-2025 16:21:44 Europe/Berlin] Update Product Result: {"success":true}
[15-Jun-2025 16:22:50 Europe/Berlin] Update Product Request: {"productId":"1","prodName":"Kwek Kwek","stockMode":"set","prodStock":23,"prodPrice":30,"effectiveFrom":"2025-06-14","effectiveTo":null,"categoryIds":[3],"hasFile":false}
[15-Jun-2025 16:22:50 Europe/Berlin] Update Product Success: Product ID 1 updated
[15-Jun-2025 16:22:50 Europe/Berlin] Update Product Result: {"success":true}
Received: customerId=, cashPaid=700Received: customerId=, cashPaid=2000[15-Jun-2025 16:41:19 Europe/Berlin] Update Product Request: {"productId":"3","prodName":"vape v2 chocolate","stockMode":"set","prodStock":35,"prodPrice":500,"effectiveFrom":"2025-06-14","effectiveTo":null,"categoryIds":[1],"hasFile":true}
[15-Jun-2025 16:41:19 Europe/Berlin] Update Product Success: Product ID 3 updated
[15-Jun-2025 16:41:19 Europe/Berlin] Update Product Result: {"success":true}
Received: customerId=, cashPaid=3000[15-Jun-2025 16:56:03 Europe/Berlin] Update Product Request: {"productId":"1","prodName":"Kwek Kwek","stockMode":"set","prodStock":10,"prodPrice":30,"effectiveFrom":"2025-06-14","effectiveTo":null,"categoryIds":[3],"hasFile":true}
[15-Jun-2025 16:56:03 Europe/Berlin] Update Product Success: Product ID 1 updated
[15-Jun-2025 16:56:03 Europe/Berlin] Update Product Result: {"success":true}
[15-Jun-2025 19:19:12 Europe/Berlin] Process Membership Error: Phone number already registered in C:\xampp\htdocs\collab\process_membership.php on line 41
[15-Jun-2025 20:10:44 Europe/Berlin] Update Product Request: {"productId":"1","prodName":"Kwek Kwek","stockMode":"set","prodStock":40,"prodPrice":30,"effectiveFrom":"2025-06-14","effectiveTo":null,"categoryIds":[3],"hasFile":false}
[15-Jun-2025 20:10:44 Europe/Berlin] Update Product Result: {"success":true}
[16-Jun-2025 03:16:53 Europe/Berlin] Update Product Request: {"productId":"8","prodName":"Stick 0","stockMode":"set","prodStock":69,"prodPrice":180,"effectiveFrom":"2025-06-15","effectiveTo":"2025-07-03","categoryIds":[3],"hasFile":true}
[16-Jun-2025 03:16:53 Europe/Berlin] Update Product Result: {"success":true}
[16-Jun-2025 06:57:38 Europe/Berlin] Delete Product Request: Product ID = 3
[16-Jun-2025 06:57:38 Europe/Berlin] Delete Product Success: Product ID 3 deleted
[16-Jun-2025 06:57:38 Europe/Berlin] Delete Product Result: {"success":true}
[16-Jun-2025 07:11:49 Europe/Berlin] Update Product Request: {"productId":"9","prodName":"Emergency Light","stockMode":"set","prodStock":10,"prodPrice":450,"effectiveFrom":"2025-06-16","effectiveTo":null,"categoryIds":[1,2,3],"hasFile":false}
[16-Jun-2025 07:11:49 Europe/Berlin] Update Product Success: Product ID 9 updated
[16-Jun-2025 07:11:49 Europe/Berlin] Update Product Result: {"success":true}
[16-Jun-2025 07:11:54 Europe/Berlin] Update Product Request: {"productId":"8","prodName":"Foam","stockMode":"set","prodStock":8,"prodPrice":600,"effectiveFrom":"2025-06-16","effectiveTo":null,"categoryIds":[2],"hasFile":false}
[16-Jun-2025 07:11:54 Europe/Berlin] Update Product Success: Product ID 8 updated
[16-Jun-2025 07:11:54 Europe/Berlin] Update Product Result: {"success":true}
[16-Jun-2025 07:12:01 Europe/Berlin] Update Product Request: {"productId":"2","prodName":"Kids Study Chair","stockMode":"set","prodStock":66,"prodPrice":150,"effectiveFrom":"2025-06-16","effectiveTo":null,"categoryIds":[1,2],"hasFile":false}
[16-Jun-2025 07:12:01 Europe/Berlin] Update Product Success: Product ID 2 updated
[16-Jun-2025 07:12:01 Europe/Berlin] Update Product Result: {"success":true}
[16-Jun-2025 07:12:08 Europe/Berlin] Update Product Request: {"productId":"7","prodName":"Office Chair","stockMode":"set","prodStock":5,"prodPrice":1000,"effectiveFrom":"2025-06-16","effectiveTo":null,"categoryIds":[1],"hasFile":false}
[16-Jun-2025 07:12:08 Europe/Berlin] Update Product Success: Product ID 7 updated
[16-Jun-2025 07:12:08 Europe/Berlin] Update Product Result: {"success":true}
[16-Jun-2025 07:12:13 Europe/Berlin] Update Product Request: {"productId":"6","prodName":"Office Desk","stockMode":"set","prodStock":5,"prodPrice":3200,"effectiveFrom":"2025-06-16","effectiveTo":null,"categoryIds":[1],"hasFile":false}
[16-Jun-2025 07:12:13 Europe/Berlin] Update Product Success: Product ID 6 updated
[16-Jun-2025 07:12:13 Europe/Berlin] Update Product Result: {"success":true}
[16-Jun-2025 07:12:18 Europe/Berlin] Update Product Request: {"productId":"5","prodName":"Puzzle Mat","stockMode":"set","prodStock":60,"prodPrice":150,"effectiveFrom":"2025-06-16","effectiveTo":null,"categoryIds":[2],"hasFile":false}
[16-Jun-2025 07:12:18 Europe/Berlin] Update Product Success: Product ID 5 updated
[16-Jun-2025 07:12:18 Europe/Berlin] Update Product Result: {"success":true}
[16-Jun-2025 07:12:24 Europe/Berlin] Update Product Request: {"productId":"1","prodName":"Trapezoidal Table","stockMode":"set","prodStock":10,"prodPrice":600,"effectiveFrom":"2025-06-16","effectiveTo":null,"categoryIds":[2],"hasFile":false}
[16-Jun-2025 07:12:24 Europe/Berlin] Update Product Success: Product ID 1 updated
[16-Jun-2025 07:12:24 Europe/Berlin] Update Product Result: {"success":true}
[16-Jun-2025 07:12:34 Europe/Berlin] Update Product Request: {"productId":"4","prodName":"Water Dispenser","stockMode":"set","prodStock":5,"prodPrice":5000,"effectiveFrom":"2025-06-16","effectiveTo":null,"categoryIds":[3],"hasFile":false}
[16-Jun-2025 07:12:34 Europe/Berlin] Update Product Success: Product ID 4 updated
[16-Jun-2025 07:12:34 Europe/Berlin] Update Product Result: {"success":true}
[16-Jun-2025 08:01:14 Europe/Berlin] Update Product Request: {"productId":"1","prodName":"Trapezoidal Table","stockMode":"set","prodStock":9,"prodPrice":800,"effectiveFrom":"2025-06-16","effectiveTo":null,"categoryIds":[2],"hasFile":false}
[16-Jun-2025 08:01:14 Europe/Berlin] Update Product Success: Product ID 1 updated
[16-Jun-2025 08:01:14 Europe/Berlin] Update Product Result: {"success":true}
[16-Jun-2025 08:01:31 Europe/Berlin] Update Product Request: {"productId":"1","prodName":"Trapezoidal Table","stockMode":"set","prodStock":9,"prodPrice":600,"effectiveFrom":"2025-06-16","effectiveTo":null,"categoryIds":[1],"hasFile":false}
[16-Jun-2025 08:01:31 Europe/Berlin] Update Product Success: Product ID 1 updated
[16-Jun-2025 08:01:31 Europe/Berlin] Update Product Result: {"success":true}
[16-Jun-2025 08:05:50 Europe/Berlin] Update Product Request: {"productId":"4","prodName":"Water dispens","stockMode":"set","prodStock":5,"prodPrice":4500,"effectiveFrom":"2025-06-16","effectiveTo":null,"categoryIds":[2,3],"hasFile":false}
[16-Jun-2025 08:05:50 Europe/Berlin] Update Product Success: Product ID 4 updated
[16-Jun-2025 08:05:50 Europe/Berlin] Update Product Result: {"success":true}
[16-Jun-2025 08:06:04 Europe/Berlin] Update Product Request: {"productId":"4","prodName":"Water dispens","stockMode":"set","prodStock":10,"prodPrice":4500,"effectiveFrom":"2025-06-16","effectiveTo":null,"categoryIds":[2,3],"hasFile":false}
[16-Jun-2025 08:06:04 Europe/Berlin] Update Product Success: Product ID 4 updated
[16-Jun-2025 08:06:04 Europe/Berlin] Update Product Result: {"success":true}
[16-Jun-2025 08:10:29 Europe/Berlin] Update Product Request: {"productId":"4","prodName":"Water dispens","stockMode":"set","prodStock":10,"prodPrice":4500,"effectiveFrom":"2025-06-17","effectiveTo":null,"categoryIds":[2,3],"hasFile":false}
[16-Jun-2025 08:10:29 Europe/Berlin] Update Product Success: Product ID 4 updated
[16-Jun-2025 08:10:29 Europe/Berlin] Update Product Result: {"success":true}
